
**** Build of configuration Debug for project nvsinternal_LP_EM_CC1314R10_tirtos7_ticlang ****

"C:\\ti\\ccs1270\\ccs\\utils\\bin\\gmake" -k -j 12 all -O 
 
Building file: "../nvsinternal.syscfg"
Invoking: SysConfig
"C:/ti/sysconfig_1.18.1/sysconfig_cli.bat" --script "C:/Users/hzaib/Documents/Freelance Projects/Mughees proj/Ring ding project/watch workspace/nvsinternal_LP_EM_CC1314R10_tirtos7_ticlang/nvsinternal.syscfg" -o "syscfg" -s "C:/ti/simplelink_cc13xx_cc26xx_sdk_7_40_00_77/.metadata/product.json" --compiler ticlang
Running script...
Validating...
Generating Code (nvsinternal.syscfg)...
Writing C:\Users\hzaib\Documents\Freelance Projects\Mughees proj\Ring ding project\watch workspace\nvsinternal_LP_EM_CC1314R10_tirtos7_ticlang\Debug\syscfg\ti_devices_config.c...
Writing C:\Users\hzaib\Documents\Freelance Projects\Mughees proj\Ring ding project\watch workspace\nvsinternal_LP_EM_CC1314R10_tirtos7_ticlang\Debug\syscfg\ti_drivers_config.c...
Writing C:\Users\hzaib\Documents\Freelance Projects\Mughees proj\Ring ding project\watch workspace\nvsinternal_LP_EM_CC1314R10_tirtos7_ticlang\Debug\syscfg\ti_drivers_config.h...
Writing C:\Users\hzaib\Documents\Freelance Projects\Mughees proj\Ring ding project\watch workspace\nvsinternal_LP_EM_CC1314R10_tirtos7_ticlang\Debug\syscfg\ti_utils_build_linker.cmd.genlibs...
Writing C:\Users\hzaib\Documents\Freelance Projects\Mughees proj\Ring ding project\watch workspace\nvsinternal_LP_EM_CC1314R10_tirtos7_ticlang\Debug\syscfg\ti_utils_build_compiler.opt...
Writing C:\Users\hzaib\Documents\Freelance Projects\Mughees proj\Ring ding project\watch workspace\nvsinternal_LP_EM_CC1314R10_tirtos7_ticlang\Debug\syscfg\syscfg_c.rov.xs...
Writing C:\Users\hzaib\Documents\Freelance Projects\Mughees proj\Ring ding project\watch workspace\nvsinternal_LP_EM_CC1314R10_tirtos7_ticlang\Debug\syscfg\ti_sysbios_config.h...
Writing C:\Users\hzaib\Documents\Freelance Projects\Mughees proj\Ring ding project\watch workspace\nvsinternal_LP_EM_CC1314R10_tirtos7_ticlang\Debug\syscfg\ti_sysbios_config.c...
Finished building: "../nvsinternal.syscfg"
 
Building file: "../main_tirtos.c"
Invoking: Arm Compiler
"C:/ti/ccs1270/ccs/tools/compiler/ti-cgt-armllvm_3.2.2.LTS/bin/tiarmclang.exe" -c -mcpu=cortex-m33 -mfloat-abi=hard -mfpu=fpv5-sp-d16 -mlittle-endian -Oz -I"C:/Users/hzaib/Documents/Freelance Projects/Mughees proj/Ring ding project/watch workspace/nvsinternal_LP_EM_CC1314R10_tirtos7_ticlang" -I"C:/Users/hzaib/Documents/Freelance Projects/Mughees proj/Ring ding project/watch workspace/nvsinternal_LP_EM_CC1314R10_tirtos7_ticlang/Debug" -I"C:/ti/simplelink_cc13xx_cc26xx_sdk_7_40_00_77/source" -I"C:/ti/simplelink_cc13xx_cc26xx_sdk_7_40_00_77/kernel/tirtos7/packages" -I"C:/ti/simplelink_cc13xx_cc26xx_sdk_7_40_00_77/source/ti/posix/ticlang" -gdwarf-3 -MMD -MP -MF"main_tirtos.d_raw" -MT"main_tirtos.o" -I"C:/Users/hzaib/Documents/Freelance Projects/Mughees proj/Ring ding project/watch workspace/nvsinternal_LP_EM_CC1314R10_tirtos7_ticlang/Debug/syscfg"  @"syscfg/ti_utils_build_compiler.opt"  -o"main_tirtos.o" "../main_tirtos.c"
Finished building: "../main_tirtos.c"
 
Building file: "../nvsinternal.c"
Invoking: Arm Compiler
"C:/ti/ccs1270/ccs/tools/compiler/ti-cgt-armllvm_3.2.2.LTS/bin/tiarmclang.exe" -c -mcpu=cortex-m33 -mfloat-abi=hard -mfpu=fpv5-sp-d16 -mlittle-endian -Oz -I"C:/Users/hzaib/Documents/Freelance Projects/Mughees proj/Ring ding project/watch workspace/nvsinternal_LP_EM_CC1314R10_tirtos7_ticlang" -I"C:/Users/hzaib/Documents/Freelance Projects/Mughees proj/Ring ding project/watch workspace/nvsinternal_LP_EM_CC1314R10_tirtos7_ticlang/Debug" -I"C:/ti/simplelink_cc13xx_cc26xx_sdk_7_40_00_77/source" -I"C:/ti/simplelink_cc13xx_cc26xx_sdk_7_40_00_77/kernel/tirtos7/packages" -I"C:/ti/simplelink_cc13xx_cc26xx_sdk_7_40_00_77/source/ti/posix/ticlang" -gdwarf-3 -MMD -MP -MF"nvsinternal.d_raw" -MT"nvsinternal.o" -I"C:/Users/hzaib/Documents/Freelance Projects/Mughees proj/Ring ding project/watch workspace/nvsinternal_LP_EM_CC1314R10_tirtos7_ticlang/Debug/syscfg"  @"syscfg/ti_utils_build_compiler.opt"  -o"nvsinternal.o" "../nvsinternal.c"
Finished building: "../nvsinternal.c"
 
Building file: "syscfg/ti_devices_config.c"
Invoking: Arm Compiler
"C:/ti/ccs1270/ccs/tools/compiler/ti-cgt-armllvm_3.2.2.LTS/bin/tiarmclang.exe" -c -mcpu=cortex-m33 -mfloat-abi=hard -mfpu=fpv5-sp-d16 -mlittle-endian -Oz -I"C:/Users/hzaib/Documents/Freelance Projects/Mughees proj/Ring ding project/watch workspace/nvsinternal_LP_EM_CC1314R10_tirtos7_ticlang" -I"C:/Users/hzaib/Documents/Freelance Projects/Mughees proj/Ring ding project/watch workspace/nvsinternal_LP_EM_CC1314R10_tirtos7_ticlang/Debug" -I"C:/ti/simplelink_cc13xx_cc26xx_sdk_7_40_00_77/source" -I"C:/ti/simplelink_cc13xx_cc26xx_sdk_7_40_00_77/kernel/tirtos7/packages" -I"C:/ti/simplelink_cc13xx_cc26xx_sdk_7_40_00_77/source/ti/posix/ticlang" -gdwarf-3 -MMD -MP -MF"syscfg/ti_devices_config.d_raw" -MT"syscfg/ti_devices_config.o" -I"C:/Users/hzaib/Documents/Freelance Projects/Mughees proj/Ring ding project/watch workspace/nvsinternal_LP_EM_CC1314R10_tirtos7_ticlang/Debug/syscfg"  @"syscfg/ti_utils_build_compiler.opt"  -o"syscfg/ti_devices_config.o" "syscfg/ti_devices_config.c"
Finished building: "syscfg/ti_devices_config.c"
 
Building file: "syscfg/ti_drivers_config.c"
Invoking: Arm Compiler
"C:/ti/ccs1270/ccs/tools/compiler/ti-cgt-armllvm_3.2.2.LTS/bin/tiarmclang.exe" -c -mcpu=cortex-m33 -mfloat-abi=hard -mfpu=fpv5-sp-d16 -mlittle-endian -Oz -I"C:/Users/hzaib/Documents/Freelance Projects/Mughees proj/Ring ding project/watch workspace/nvsinternal_LP_EM_CC1314R10_tirtos7_ticlang" -I"C:/Users/hzaib/Documents/Freelance Projects/Mughees proj/Ring ding project/watch workspace/nvsinternal_LP_EM_CC1314R10_tirtos7_ticlang/Debug" -I"C:/ti/simplelink_cc13xx_cc26xx_sdk_7_40_00_77/source" -I"C:/ti/simplelink_cc13xx_cc26xx_sdk_7_40_00_77/kernel/tirtos7/packages" -I"C:/ti/simplelink_cc13xx_cc26xx_sdk_7_40_00_77/source/ti/posix/ticlang" -gdwarf-3 -MMD -MP -MF"syscfg/ti_drivers_config.d_raw" -MT"syscfg/ti_drivers_config.o" -I"C:/Users/hzaib/Documents/Freelance Projects/Mughees proj/Ring ding project/watch workspace/nvsinternal_LP_EM_CC1314R10_tirtos7_ticlang/Debug/syscfg"  @"syscfg/ti_utils_build_compiler.opt"  -o"syscfg/ti_drivers_config.o" "syscfg/ti_drivers_config.c"
Finished building: "syscfg/ti_drivers_config.c"
 
Building file: "syscfg/ti_sysbios_config.c"
Invoking: Arm Compiler
"C:/ti/ccs1270/ccs/tools/compiler/ti-cgt-armllvm_3.2.2.LTS/bin/tiarmclang.exe" -c -mcpu=cortex-m33 -mfloat-abi=hard -mfpu=fpv5-sp-d16 -mlittle-endian -Oz -I"C:/Users/hzaib/Documents/Freelance Projects/Mughees proj/Ring ding project/watch workspace/nvsinternal_LP_EM_CC1314R10_tirtos7_ticlang" -I"C:/Users/hzaib/Documents/Freelance Projects/Mughees proj/Ring ding project/watch workspace/nvsinternal_LP_EM_CC1314R10_tirtos7_ticlang/Debug" -I"C:/ti/simplelink_cc13xx_cc26xx_sdk_7_40_00_77/source" -I"C:/ti/simplelink_cc13xx_cc26xx_sdk_7_40_00_77/kernel/tirtos7/packages" -I"C:/ti/simplelink_cc13xx_cc26xx_sdk_7_40_00_77/source/ti/posix/ticlang" -gdwarf-3 -MMD -MP -MF"syscfg/ti_sysbios_config.d_raw" -MT"syscfg/ti_sysbios_config.o" -I"C:/Users/hzaib/Documents/Freelance Projects/Mughees proj/Ring ding project/watch workspace/nvsinternal_LP_EM_CC1314R10_tirtos7_ticlang/Debug/syscfg"  @"syscfg/ti_utils_build_compiler.opt"  -o"syscfg/ti_sysbios_config.o" "syscfg/ti_sysbios_config.c"
Finished building: "syscfg/ti_sysbios_config.c"
 
Building target: "nvsinternal_LP_EM_CC1314R10_tirtos7_ticlang.out"
Invoking: Arm Linker
"C:/ti/ccs1270/ccs/tools/compiler/ti-cgt-armllvm_3.2.2.LTS/bin/tiarmclang.exe" -mcpu=cortex-m33 -mfloat-abi=hard -mfpu=fpv5-sp-d16 -mlittle-endian -Oz -gdwarf-3 -Wl,-m"nvsinternal_LP_EM_CC1314R10_tirtos7_ticlang.map" -Wl,-i"C:/ti/simplelink_cc13xx_cc26xx_sdk_7_40_00_77/source" -Wl,-i"C:/ti/simplelink_cc13xx_cc26xx_sdk_7_40_00_77/kernel/tirtos7/packages" -Wl,-i"C:/Users/hzaib/Documents/Freelance Projects/Mughees proj/Ring ding project/watch workspace/nvsinternal_LP_EM_CC1314R10_tirtos7_ticlang/Debug/syscfg" -Wl,-i"C:/ti/ccs1270/ccs/tools/compiler/ti-cgt-armllvm_3.2.2.LTS/lib" -Wl,--diag_wrap=off -Wl,--display_error_number -Wl,--warn_sections -Wl,--xml_link_info="nvsinternal_LP_EM_CC1314R10_tirtos7_ticlang_linkInfo.xml" -Wl,--rom_model -o "nvsinternal_LP_EM_CC1314R10_tirtos7_ticlang.out" "./main_tirtos.o" "./nvsinternal.o" "./syscfg/ti_devices_config.o" "./syscfg/ti_drivers_config.o" "./syscfg/ti_sysbios_config.o" "../cc13x4_cc26x4_tirtos7.cmd"  -Wl,-lti_utils_build_linker.cmd.genlibs -Wl,-llibc.a 
Finished building target: "nvsinternal_LP_EM_CC1314R10_tirtos7_ticlang.out"
 

**** Build Finished ****
